PRT1
115
323
4 0 20 (1504 1024 1696 ) (1440 1024 1696 ) (1440 1024 -256 ) (1504 1024 -256 ) 
4 0 8 (1440 1600 -256 ) (1440 1024 -256 ) (1440 1024 -64 ) (1440 1600 -64 ) 
4 0 7 (1440 1696 -256 ) (1440 1600 -256 ) (1440 1600 0 ) (1440 1696 0 ) 
4 0 5 (1440 1024 0 ) (1440 1024 224 ) (1440 1568 224 ) (1440 1568 0 ) 
4 0 4 (1440 1024 224 ) (1440 1024 1696 ) (1440 1568 1696 ) (1440 1568 224 ) 
4 0 3 (1440 1600 224 ) (1440 1600 0 ) (1440 1568 0 ) (1440 1568 224 ) 
4 0 2 (1440 1568 1696 ) (1440 1600 1696 ) (1440 1600 224 ) (1440 1568 224 ) 
4 0 1 (1440 1600 1696 ) (1440 1696 1696 ) (1440 1696 0 ) (1440 1600 0 ) 
4 1 10 (1024 1696 224 ) (1024 1696 0 ) (1024 1600 0 ) (1024 1600 224 ) 
4 1 9 (1024 1600 1696 ) (1024 1696 1696 ) (1024 1696 224 ) (1024 1600 224 ) 
4 1 7 (1024 1600 0 ) (1024 1696 0 ) (1440 1696 0 ) (1440 1600 0 ) 
4 1 3 (1024 1600 0 ) (1440 1600 0 ) (1440 1600 224 ) (1024 1600 224 ) 
4 1 2 (1440 1600 224 ) (1440 1600 1696 ) (1024 1600 1696 ) (1024 1600 224 ) 
4 2 9 (1024 1568 1696 ) (1024 1600 1696 ) (1024 1600 224 ) (1024 1568 224 ) 
4 2 4 (1440 1568 224 ) (1440 1568 1696 ) (1408 1568 1696 ) (1408 1568 224 ) 
4 2 6 (1408 1568 1696 ) (1024 1568 1696 ) (1024 1568 224 ) (1408 1568 224 ) 
4 2 3 (1440 1568 224 ) (1024 1568 224 ) (1024 1600 224 ) (1440 1600 224 ) 
4 3 11 (1024 1600 224 ) (1024 1600 0 ) (1024 1568 0 ) (1024 1568 224 ) 
4 3 5 (1408 1568 0 ) (1440 1568 0 ) (1440 1568 224 ) (1408 1568 224 ) 
4 3 6 (1024 1568 0 ) (1408 1568 0 ) (1408 1568 224 ) (1024 1568 224 ) 
4 4 21 (1440 1024 1696 ) (1408 1024 1696 ) (1408 1024 224 ) (1440 1024 224 ) 
4 4 6 (1408 1568 1696 ) (1408 1568 224 ) (1408 1024 224 ) (1408 1024 1696 ) 
4 4 5 (1408 1024 224 ) (1408 1568 224 ) (1440 1568 224 ) (1440 1024 224 ) 
4 5 22 (1408 1024 224 ) (1408 1024 0 ) (1440 1024 0 ) (1440 1024 224 ) 
4 5 6 (1408 1568 224 ) (1408 1568 0 ) (1408 1024 0 ) (1408 1024 224 ) 
4 6 23 (1408 1024 1696 ) (1024 1024 1696 ) (1024 1024 0 ) (1408 1024 0 ) 
4 6 15 (1024 1024 0 ) (1024 1024 224 ) (1024 1312 224 ) (1024 1312 0 ) 
4 6 12 (1024 1312 224 ) (1024 1568 224 ) (1024 1568 0 ) (1024 1312 0 ) 
4 6 9 (1024 1024 224 ) (1024 1024 1696 ) (1024 1568 1696 ) (1024 1568 224 ) 
4 7 18 (1024 1600 0 ) (1024 1696 0 ) (1024 1696 -256 ) (1024 1600 -256 ) 
4 7 8 (1024 1600 -256 ) (1440 1600 -256 ) (1440 1600 -64 ) (1024 1600 -64 ) 
4 8 24 (1024 1024 -64 ) (1024 1024 -256 ) (1440 1024 -256 ) (1440 1024 -64 ) 
4 8 19 (1024 1024 -256 ) (1024 1024 -64 ) (1024 1600 -64 ) (1024 1600 -256 ) 
4 9 27 (0 1024 224 ) (0 1024 1696 ) (0 1696 1696 ) (0 1696 224 ) 
4 9 25 (1024 1024 224 ) (1024 1024 1696 ) (0 1024 1696 ) (0 1024 224 ) 
4 9 17 (544 1024 224 ) (0 1024 224 ) (0 1280 224 ) (544 1280 224 ) 
4 9 16 (0 1280 224 ) (0 1312 224 ) (544 1312 224 ) (544 1280 224 ) 
4 9 15 (1024 1024 224 ) (544 1024 224 ) (544 1312 224 ) (1024 1312 224 ) 
4 9 13 (512 1568 224 ) (544 1568 224 ) (544 1312 224 ) (512 1312 224 ) 
4 9 12 (544 1568 224 ) (1024 1568 224 ) (1024 1312 224 ) (544 1312 224 ) 
4 9 14 (0 1312 224 ) (0 1568 224 ) (512 1568 224 ) (512 1312 224 ) 
4 9 11 (0 1568 224 ) (0 1600 224 ) (1024 1600 224 ) (1024 1568 224 ) 
4 9 10 (0 1600 224 ) (0 1696 224 ) (1024 1696 224 ) (1024 1600 224 ) 
4 10 29 (0 1600 224 ) (0 1696 224 ) (0 1696 0 ) (0 1600 0 ) 
4 10 18 (1024 1696 0 ) (1024 1600 0 ) (0 1600 0 ) (0 1696 0 ) 
4 10 11 (0 1600 0 ) (1024 1600 0 ) (1024 1600 224 ) (0 1600 224 ) 
4 11 30 (0 1568 224 ) (0 1600 224 ) (0 1600 0 ) (0 1568 0 ) 
4 11 13 (512 1568 0 ) (544 1568 0 ) (544 1568 224 ) (512 1568 224 ) 
4 11 12 (544 1568 0 ) (1024 1568 0 ) (1024 1568 224 ) (544 1568 224 ) 
4 11 14 (0 1568 0 ) (512 1568 0 ) (512 1568 224 ) (0 1568 224 ) 
4 12 15 (544 1312 0 ) (1024 1312 0 ) (1024 1312 224 ) (544 1312 224 ) 
4 12 13 (544 1568 224 ) (544 1568 0 ) (544 1312 0 ) (544 1312 224 ) 
4 13 16 (512 1312 0 ) (544 1312 0 ) (544 1312 224 ) (512 1312 224 ) 
4 13 14 (512 1568 224 ) (512 1568 0 ) (512 1312 0 ) (512 1312 224 ) 
4 14 33 (0 1312 224 ) (0 1568 224 ) (0 1568 0 ) (0 1312 0 ) 
4 14 16 (0 1312 0 ) (512 1312 0 ) (512 1312 224 ) (0 1312 224 ) 
4 15 25 (1024 1024 0 ) (1024 1024 224 ) (544 1024 224 ) (544 1024 0 ) 
4 15 17 (544 1280 0 ) (544 1024 0 ) (544 1024 224 ) (544 1280 224 ) 
4 15 16 (544 1312 224 ) (544 1312 0 ) (544 1280 0 ) (544 1280 224 ) 
4 16 34 (0 1280 224 ) (0 1312 224 ) (0 1312 0 ) (0 1280 0 ) 
4 16 17 (0 1280 0 ) (544 1280 0 ) (544 1280 224 ) (0 1280 224 ) 
4 17 35 (0 1024 0 ) (0 1024 224 ) (0 1280 224 ) (0 1280 0 ) 
4 17 25 (544 1024 224 ) (0 1024 224 ) (0 1024 0 ) (544 1024 0 ) 
4 18 41 (0 1600 0 ) (0 1696 0 ) (0 1696 -256 ) (0 1600 -256 ) 
4 18 19 (0 1600 -256 ) (1024 1600 -256 ) (1024 1600 -64 ) (0 1600 -64 ) 
4 19 42 (0 1024 -256 ) (0 1024 -64 ) (0 1600 -64 ) (0 1600 -256 ) 
4 19 26 (1024 1024 -256 ) (1024 1024 -64 ) (0 1024 -64 ) (0 1024 -256 ) 
4 20 66 (1504 0 1696 ) (1440 0 1696 ) (1440 0 -256 ) (1504 0 -256 ) 
4 20 24 (1440 1024 -256 ) (1440 0 -256 ) (1440 0 -64 ) (1440 1024 -64 ) 
4 20 22 (1440 0 0 ) (1440 0 224 ) (1440 1024 224 ) (1440 1024 0 ) 
4 20 21 (1440 0 224 ) (1440 0 1696 ) (1440 1024 1696 ) (1440 1024 224 ) 
4 21 67 (1440 0 1696 ) (1408 0 1696 ) (1408 0 224 ) (1440 0 224 ) 
4 21 23 (1408 0 224 ) (1408 0 1696 ) (1408 1024 1696 ) (1408 1024 224 ) 
4 21 22 (1408 0 224 ) (1408 1024 224 ) (1440 1024 224 ) (1440 0 224 ) 
4 22 68 (1408 0 224 ) (1408 0 0 ) (1440 0 0 ) (1440 0 224 ) 
4 22 23 (1408 1024 0 ) (1408 0 0 ) (1408 0 224 ) (1408 1024 224 ) 
4 23 69 (1408 0 1696 ) (1024 0 1696 ) (1024 0 0 ) (1408 0 0 ) 
4 23 25 (1024 1024 1696 ) (1024 1024 0 ) (1024 0 0 ) (1024 0 1696 ) 
4 24 70 (1024 0 -64 ) (1024 0 -256 ) (1440 0 -256 ) (1440 0 -64 ) 
4 24 26 (1024 1024 -64 ) (1024 1024 -256 ) (1024 0 -256 ) (1024 0 -64 ) 
4 25 71 (1024 0 0 ) (1024 0 1696 ) (0 0 1696 ) (0 0 0 ) 
4 25 54 (0 0 0 ) (0 0 1696 ) (0 1024 1696 ) (0 1024 0 ) 
4 26 72 (1024 0 -256 ) (1024 0 -64 ) (0 0 -64 ) (0 0 -256 ) 
4 26 55 (0 0 -256 ) (0 0 -64 ) (0 1024 -64 ) (0 1024 -256 ) 
4 27 54 (0 1024 224 ) (0 1024 1696 ) (-1024 1024 1696 ) (-1024 1024 224 ) 
4 27 43 (-1024 1696 224 ) (-1024 1024 224 ) (-1024 1024 1696 ) (-1024 1696 1696 ) 
4 27 40 (-1024 1304.242432 224 ) (-1024 1336.242432 224 ) (-574.117554 1568 224 ) (-512 1568 224 ) 
3 27 39 (-1024 1336.242432 224 ) (-1024 1568 224 ) (-574.117554 1568 224 ) 
5 27 38 (-1024 1024 224 ) (-1024 1304.242432 224 ) (-512 1568 224 ) (-64 1568 224 ) (-64 1024 224 ) 
4 27 37 (-32 1280 224 ) (-32 1024 224 ) (-64 1024 224 ) (-64 1280 224 ) 
4 27 36 (-64 1568 224 ) (-32 1568 224 ) (-32 1280 224 ) (-64 1280 224 ) 
4 27 34 (0 1312 224 ) (0 1280 224 ) (-32 1280 224 ) (-32 1312 224 ) 
4 27 33 (-32 1568 224 ) (0 1568 224 ) (0 1312 224 ) (-32 1312 224 ) 
4 27 35 (0 1280 224 ) (0 1024 224 ) (-32 1024 224 ) (-32 1280 224 ) 
3 27 32 (-512 1568 224 ) (-574.117554 1568 224 ) (-512 1600 224 ) 
3 27 31 (-512 1568 224 ) (-512 1600 224 ) (-449.882385 1600 224 ) 
4 27 30 (0 1600 224 ) (0 1568 224 ) (-512 1568 224 ) (-449.882385 1600 224 ) 
4 27 29 (-325.647034 1696 224 ) (0 1696 224 ) (0 1600 224 ) (-512 1600 224 ) 
4 27 28 (-1024 1568 224 ) (-1024 1696 224 ) (-325.647034 1696 224 ) (-574.117554 1568 224 ) 
4 28 45 (-1024 1696 0 ) (-1024 1568 0 ) (-1024 1568 224 ) (-1024 1696 224 ) 
4 28 41 (-1024 1600 0 ) (-1024 1696 0 ) (-325.647034 1696 0 ) (-512 1600 0 ) 
4 28 39 (-1024 1568 0 ) (-574.117554 1568 0 ) (-574.117554 1568 224 ) (-1024 1568 224 ) 
4 28 32 (-574.120056 1568 224 ) (-574.120056 1568 0 ) (-512.002136 1600 0 ) (-512.002136 1600 224 ) 
4 28 29 (-512.002136 1600 0 ) (-325.648438 1696 0 ) (-325.648438 1696 224 ) (-512.002136 1600 224 ) 
4 29 41 (-325.647034 1696 0 ) (0 1696 0 ) (0 1600 0 ) (-512 1600 0 ) 
4 29 31 (-511.996094 1600 224 ) (-511.996094 1600 0 ) (-449.882294 1600 0 ) (-449.882294 1600 224 ) 
4 29 30 (-449.882294 1600 0 ) (0 1600 0 ) (0 1600 224 ) (-449.882294 1600 224 ) 
4 30 38 (-512 1568 0 ) (-64 1568 0 ) (-64 1568 224 ) (-512 1568 224 ) 
4 30 36 (-64 1568 0 ) (-32 1568 0 ) (-32 1568 224 ) (-64 1568 224 ) 
4 30 33 (-32 1568 0 ) (0 1568 0 ) (0 1568 224 ) (-32 1568 224 ) 
4 30 31 (-449.882813 1600 224 ) (-449.882813 1600 0 ) (-512 1568 0 ) (-512 1568 224 ) 
4 31 32 (-512 1600 224 ) (-512 1600 0 ) (-512 1568 0 ) (-512 1568 224 ) 
4 32 40 (-574.117554 1568 0 ) (-512 1568 0 ) (-512 1568 224 ) (-574.117554 1568 224 ) 
4 33 36 (-32 1568 224 ) (-32 1568 0 ) (-32 1312 0 ) (-32 1312 224 ) 
4 33 34 (-32 1312 224 ) (-32 1312 0 ) (0 1312 0 ) (0 1312 224 ) 
4 34 36 (-32 1312 0 ) (-32 1280 0 ) (-32 1280 224 ) (-32 1312 224 ) 
4 34 35 (-32 1280 224 ) (-32 1280 0 ) (0 1280 0 ) (0 1280 224 ) 
4 35 54 (0 1024 0 ) (0 1024 224 ) (-32 1024 224 ) (-32 1024 0 ) 
4 35 37 (-32 1280 0 ) (-32 1024 0 ) (-32 1024 224 ) (-32 1280 224 ) 
4 36 38 (-64 1568 224 ) (-64 1568 0 ) (-64 1280 0 ) (-64 1280 224 ) 
4 36 37 (-64 1280 224 ) (-64 1280 0 ) (-32 1280 0 ) (-32 1280 224 ) 
4 37 54 (-32 1024 224 ) (-64 1024 224 ) (-64 1024 0 ) (-32 1024 0 ) 
4 37 38 (-64 1280 0 ) (-64 1024 0 ) (-64 1024 224 ) (-64 1280 224 ) 
4 38 54 (-64 1024 224 ) (-1024 1024 224 ) (-1024 1024 0 ) (-64 1024 0 ) 
4 38 44 (-1024 1304.242432 0 ) (-1024 1024 0 ) (-1024 1024 224 ) (-1024 1304.242432 224 ) 
4 38 40 (-512.001221 1568 224 ) (-512.001221 1568 0 ) (-1024 1304.243042 0 ) (-1024 1304.242188 224 ) 
4 39 45 (-1024 1568 0 ) (-1024 1336.242432 0 ) (-1024 1336.242432 224 ) (-1024 1568 224 ) 
4 39 40 (-1024 1336.242188 0 ) (-574.118591 1568 0 ) (-574.118591 1568 224 ) (-1024 1336.242920 224 ) 
4 40 46 (-1024 1336.242432 0 ) (-1024 1304.242432 0 ) (-1024 1304.242432 224 ) (-1024 1336.242432 224 ) 
4 41 51 (-1024 1696 -256 ) (-1024 1600 -256 ) (-1024 1600 0 ) (-1024 1696 0 ) 
4 41 42 (-1024 1600 -256 ) (0 1600 -256 ) (0 1600 -64 ) (-1024 1600 -64 ) 
4 42 55 (0 1024 -256 ) (0 1024 -64 ) (-1024 1024 -64 ) (-1024 1024 -256 ) 
4 42 52 (-1024 1600 -256 ) (-1024 1024 -256 ) (-1024 1024 -64 ) (-1024 1600 -64 ) 
4 43 57 (-1312 1024 1696 ) (-1568 1024 1696 ) (-1568 1024 224 ) (-1312 1024 224 ) 
4 43 56 (-1024 1024 224 ) (-1024 1024 1696 ) (-1312 1024 1696 ) (-1312 1024 224 ) 
4 43 48 (-1568 1024 224 ) (-1568 1024 1696 ) (-1568 1056 1696 ) (-1568 1056 224 ) 
4 43 47 (-1568 1056 1696 ) (-1568 1696 1696 ) (-1568 1696 224 ) (-1568 1056 224 ) 
4 43 46 (-1568 1024 224 ) (-1568 1056 224 ) (-1024 1336.242432 224 ) (-1024 1304.242432 224 ) 
4 43 45 (-1568 1056 224 ) (-1568 1696 224 ) (-1024 1696 224 ) (-1024 1336.242432 224 ) 
3 43 44 (-1568 1024 224 ) (-1024 1304.242432 224 ) (-1024 1024 224 ) 
4 44 57 (-1312 1024 224 ) (-1568 1024 224 ) (-1568 1024 0 ) (-1312 1024 0 ) 
4 44 56 (-1024 1024 0 ) (-1024 1024 224 ) (-1312 1024 224 ) (-1312 1024 0 ) 
4 44 46 (-1568 1024.001953 0 ) (-1568 1024.001953 224 ) (-1024 1304.243896 224 ) (-1024 1304.243896 0 ) 
4 45 51 (-1568 1600 0 ) (-1568 1696 0 ) (-1024 1696 0 ) (-1024 1600 0 ) 
4 45 47 (-1568 1696 0 ) (-1568 1056 0 ) (-1568 1056 224 ) (-1568 1696 224 ) 
4 45 46 (-1024 1336.243164 224 ) (-1568 1056 224 ) (-1568 1056 0 ) (-1024 1336.243164 0 ) 
4 46 49 (-1568 1056 0 ) (-1568 1024 0 ) (-1568 1024 224 ) (-1568 1056 224 ) 
4 47 51 (-1600 1600 0 ) (-1600 1696 0 ) (-1568 1696 0 ) (-1568 1600 0 ) 
4 47 49 (-1600 1056 224 ) (-1600 1056 0 ) (-1568 1056 0 ) (-1568 1056 224 ) 
4 47 48 (-1600 1056 1696 ) (-1600 1056 224 ) (-1568 1056 224 ) (-1568 1056 1696 ) 
4 47 50 (-1600 1696 1696 ) (-1600 1696 0 ) (-1600 1056 0 ) (-1600 1056 1696 ) 
4 48 61 (-1568 1024 1696 ) (-1600 1024 1696 ) (-1600 1024 224 ) (-1568 1024 224 ) 
4 48 50 (-1600 1024 224 ) (-1600 1024 1696 ) (-1600 1056 1696 ) (-1600 1056 224 ) 
4 48 49 (-1600 1024 224 ) (-1600 1056 224 ) (-1568 1056 224 ) (-1568 1024 224 ) 
4 49 62 (-1600 1024 224 ) (-1600 1024 0 ) (-1568 1024 0 ) (-1568 1024 224 ) 
4 49 50 (-1600 1056 0 ) (-1600 1024 0 ) (-1600 1024 224 ) (-1600 1056 224 ) 
4 50 63 (-1600 1024 1696 ) (-1698.560059 1024 1696 ) (-1698.560059 1024 0 ) (-1600 1024 0 ) 
4 50 53 (-1600 1024 0 ) (-1698.560059 1024 0 ) (-1698.560059 1600 0 ) (-1600 1600 0 ) 
4 50 51 (-1698.560059 1600 0 ) (-1698.560059 1696 0 ) (-1600 1696 0 ) (-1600 1600 0 ) 
4 51 52 (-1600 1600 -64 ) (-1600 1600 -256 ) (-1024 1600 -256 ) (-1024 1600 -64 ) 
4 51 53 (-1600 1600 0 ) (-1698.560059 1600 0 ) (-1698.560059 1600 -256 ) (-1600 1600 -256 ) 
4 52 64 (-1600 1024 -256 ) (-1024 1024 -256 ) (-1024 1024 -64 ) (-1600 1024 -64 ) 
4 52 53 (-1600 1600 -64 ) (-1600 1600 -256 ) (-1600 1024 -256 ) (-1600 1024 -64 ) 
4 53 65 (-1698.560059 1024 -256 ) (-1600 1024 -256 ) (-1600 1024 0 ) (-1698.560059 1024 0 ) 
4 54 87 (0 0 0 ) (0 0 1696 ) (-1024 0 1696 ) (-1024 0 0 ) 
4 54 56 (-1024 1024 1696 ) (-1024 1024 0 ) (-1024 0 0 ) (-1024 0 1696 ) 
4 55 88 (0 0 -256 ) (0 0 -64 ) (-1024 0 -64 ) (-1024 0 -256 ) 
4 55 64 (-1024 1024 -64 ) (-1024 1024 -256 ) (-1024 0 -256 ) (-1024 0 -64 ) 
4 56 90 (-1024 0 0 ) (-1024 0 224 ) (-1312 0 224 ) (-1312 0 0 ) 
4 56 89 (-1024 0 224 ) (-1024 0 1696 ) (-1312 0 1696 ) (-1312 0 224 ) 
4 56 59 (-1312 96 0 ) (-1312 64 0 ) (-1312 64 224 ) (-1312 96 224 ) 
4 56 58 (-1312 64 224 ) (-1312 64 1696 ) (-1312 96 1696 ) (-1312 96 224 ) 
4 56 57 (-1312 1024 0 ) (-1312 96 0 ) (-1312 96 1696 ) (-1312 1024 1696 ) 
4 56 60 (-1312 64 0 ) (-1312 0 0 ) (-1312 0 1696 ) (-1312 64 1696 ) 
4 57 62 (-1568 1024 0 ) (-1568 96 0 ) (-1568 96 224 ) (-1568 1024 224 ) 
4 57 61 (-1568 96 224 ) (-1568 96 1696 ) (-1568 1024 1696 ) (-1568 1024 224 ) 
4 57 59 (-1568 96 224 ) (-1568 96 0 ) (-1312 96 0 ) (-1312 96 224 ) 
4 57 58 (-1568 96 1696 ) (-1568 96 224 ) (-1312 96 224 ) (-1312 96 1696 ) 
4 58 61 (-1568 64 224 ) (-1568 64 1696 ) (-1568 96 1696 ) (-1568 96 224 ) 
4 58 60 (-1568 64 1696 ) (-1568 64 224 ) (-1312 64 224 ) (-1312 64 1696 ) 
4 58 59 (-1312 64 224 ) (-1568 64 224 ) (-1568 96 224 ) (-1312 96 224 ) 
4 59 62 (-1568 96 0 ) (-1568 64 0 ) (-1568 64 224 ) (-1568 96 224 ) 
4 59 60 (-1568 64 224 ) (-1568 64 0 ) (-1312 64 0 ) (-1312 64 224 ) 
4 60 91 (-1344 0 0 ) (-1312 0 0 ) (-1312 0 224 ) (-1344 0 224 ) 
4 60 93 (-1568 0 224 ) (-1568 0 0 ) (-1344 0 0 ) (-1344 0 224 ) 
4 60 89 (-1312 0 1696 ) (-1568 0 1696 ) (-1568 0 224 ) (-1312 0 224 ) 
4 60 62 (-1568 64 0 ) (-1568 0 0 ) (-1568 0 224 ) (-1568 64 224 ) 
4 60 61 (-1568 0 224 ) (-1568 0 1696 ) (-1568 64 1696 ) (-1568 64 224 ) 
4 61 89 (-1568 0 1696 ) (-1600 0 1696 ) (-1600 0 224 ) (-1568 0 224 ) 
4 61 63 (-1600 0 224 ) (-1600 0 1696 ) (-1600 1024 1696 ) (-1600 1024 224 ) 
4 61 62 (-1600 0 224 ) (-1600 1024 224 ) (-1568 1024 224 ) (-1568 0 224 ) 
4 62 97 (-1600 0 224 ) (-1600 0 0 ) (-1568 0 0 ) (-1568 0 224 ) 
4 62 63 (-1600 1024 0 ) (-1600 0 0 ) (-1600 0 224 ) (-1600 1024 224 ) 
4 63 98 (-1698.560059 0 224 ) (-1698.560059 0 0 ) (-1600 0 0 ) (-1600 0 224 ) 
4 63 89 (-1600 0 1696 ) (-1698.560059 0 1696 ) (-1698.560059 0 224 ) (-1600 0 224 ) 
4 63 65 (-1698.560059 1024 0 ) (-1600 1024 0 ) (-1600 0 0 ) (-1698.560059 0 0 ) 
4 64 99 (-1024 0 -256 ) (-1024 0 -64 ) (-1600 0 -64 ) (-1600 0 -256 ) 
4 64 65 (-1600 1024 -256 ) (-1600 0 -256 ) (-1600 0 -64 ) (-1600 1024 -64 ) 
4 65 100 (-1600 0 0 ) (-1698.560059 0 0 ) (-1698.560059 0 -256 ) (-1600 0 -256 ) 
4 66 79 (1440 -1024 0 ) (1440 -1024 -256 ) (1504 -1024 -256 ) (1504 -1024 0 ) 
4 66 73 (1504 -1024 1696 ) (1440 -1024 1696 ) (1440 -1024 0 ) (1504 -1024 0 ) 
4 66 70 (1440 0 -256 ) (1440 -1024 -256 ) (1440 -1024 -64 ) (1440 0 -64 ) 
4 66 68 (1440 -1024 0 ) (1440 -1024 224 ) (1440 0 224 ) (1440 0 0 ) 
4 66 67 (1440 -1024 224 ) (1440 -1024 1696 ) (1440 0 1696 ) (1440 0 224 ) 
4 67 74 (1440 -1024 1696 ) (1408 -1024 1696 ) (1408 -1024 224 ) (1440 -1024 224 ) 
4 67 69 (1408 -1024 224 ) (1408 -1024 1696 ) (1408 0 1696 ) (1408 0 224 ) 
4 67 68 (1408 -1024 224 ) (1408 0 224 ) (1440 0 224 ) (1440 -1024 224 ) 
4 68 75 (1408 -1024 224 ) (1408 -1024 0 ) (1440 -1024 0 ) (1440 -1024 224 ) 
4 68 69 (1408 0 0 ) (1408 -1024 0 ) (1408 -1024 224 ) (1408 0 224 ) 
4 69 76 (1408 -1024 1696 ) (1024 -1024 1696 ) (1024 -1024 0 ) (1408 -1024 0 ) 
4 69 71 (1024 -1024 0 ) (1024 -1024 1696 ) (1024 0 1696 ) (1024 0 0 ) 
4 70 80 (1024 -1024 -64 ) (1024 -1024 -256 ) (1440 -1024 -256 ) (1440 -1024 -64 ) 
4 70 72 (1024 -1024 -256 ) (1024 -1024 -64 ) (1024 0 -64 ) (1024 0 -256 ) 
4 71 87 (0 0 1696 ) (0 0 0 ) (0 -1024 0 ) (0 -1024 1696 ) 
4 71 82 (0 -1024 1696 ) (0 -1024 0 ) (1024 -1024 0 ) (1024 -1024 1696 ) 
4 72 88 (0 0 -64 ) (0 0 -256 ) (0 -1024 -256 ) (0 -1024 -64 ) 
4 72 85 (0 -1024 -64 ) (0 -1024 -256 ) (1024 -1024 -256 ) (1024 -1024 -64 ) 
4 73 81 (1504 -1280 1696 ) (1440 -1280 1696 ) (1440 -1280 0 ) (1504 -1280 0 ) 
4 73 79 (1504 -1280 0 ) (1440 -1280 0 ) (1440 -1024 0 ) (1504 -1024 0 ) 
4 73 75 (1440 -1024 0 ) (1440 -1280 0 ) (1440 -1280 224 ) (1440 -1024 224 ) 
4 73 74 (1440 -1280 224 ) (1440 -1280 1696 ) (1440 -1024 1696 ) (1440 -1024 224 ) 
4 74 81 (1440 -1280 1696 ) (1408 -1280 1696 ) (1408 -1280 224 ) (1440 -1280 224 ) 
4 74 77 (1408 -1280 224 ) (1408 -1280 1696 ) (1408 -1248 1696 ) (1408 -1248 224 ) 
4 74 76 (1408 -1248 1696 ) (1408 -1024 1696 ) (1408 -1024 224 ) (1408 -1248 224 ) 
4 74 75 (1408 -1280 224 ) (1408 -1024 224 ) (1440 -1024 224 ) (1440 -1280 224 ) 
4 75 81 (1408 -1280 224 ) (1408 -1280 0 ) (1440 -1280 0 ) (1440 -1280 224 ) 
4 75 78 (1408 -1248 0 ) (1408 -1280 0 ) (1408 -1280 224 ) (1408 -1248 224 ) 
4 75 76 (1408 -1024 0 ) (1408 -1248 0 ) (1408 -1248 224 ) (1408 -1024 224 ) 
4 76 82 (1024 -1024 1696 ) (1024 -1024 0 ) (1024 -1248 0 ) (1024 -1248 1696 ) 
4 76 78 (1024 -1248 0 ) (1408 -1248 0 ) (1408 -1248 224 ) (1024 -1248 224 ) 
4 76 77 (1408 -1248 224 ) (1408 -1248 1696 ) (1024 -1248 1696 ) (1024 -1248 224 ) 
4 77 83 (1024 -1280 224 ) (1024 -1280 1696 ) (1024 -1248 1696 ) (1024 -1248 224 ) 
4 77 81 (1408 -1280 1696 ) (1024 -1280 1696 ) (1024 -1280 224 ) (1408 -1280 224 ) 
4 77 78 (1024 -1248 224 ) (1408 -1248 224 ) (1408 -1280 224 ) (1024 -1280 224 ) 
4 78 84 (1024 -1248 0 ) (1024 -1280 0 ) (1024 -1280 224 ) (1024 -1248 224 ) 
4 78 81 (1024 -1280 224 ) (1024 -1280 0 ) (1408 -1280 0 ) (1408 -1280 224 ) 
4 79 81 (1440 -1280 -256 ) (1504 -1280 -256 ) (1504 -1280 0 ) (1440 -1280 0 ) 
4 79 80 (1440 -1024 -256 ) (1440 -1280 -256 ) (1440 -1280 -64 ) (1440 -1024 -64 ) 
4 80 85 (1024 -1024 -64 ) (1024 -1024 -256 ) (1024 -1280 -256 ) (1024 -1280 -64 ) 
4 80 81 (1024 -1280 -256 ) (1440 -1280 -256 ) (1440 -1280 -64 ) (1024 -1280 -64 ) 
4 81 86 (1024 -1280 -256 ) (1024 -1632 -256 ) (1024 -1632 1696 ) (1024 -1280 1696 ) 
4 82 101 (0 -1248 1696 ) (0 -1024 1696 ) (0 -1024 0 ) (0 -1248 0 ) 
4 82 84 (0 -1248 0 ) (1024 -1248 0 ) (1024 -1248 224 ) (0 -1248 224 ) 
4 82 83 (1024 -1248 224 ) (1024 -1248 1696 ) (0 -1248 1696 ) (0 -1248 224 ) 
4 83 102 (0 -1280 1696 ) (0 -1248 1696 ) (0 -1248 224 ) (0 -1280 224 ) 
4 83 86 (1024 -1280 224 ) (1024 -1280 1696 ) (0 -1280 1696 ) (0 -1280 224 ) 
4 83 84 (1024 -1280 224 ) (0 -1280 224 ) (0 -1248 224 ) (1024 -1248 224 ) 
4 84 103 (0 -1248 224 ) (0 -1248 0 ) (0 -1280 0 ) (0 -1280 224 ) 
4 84 86 (1024 -1280 0 ) (1024 -1280 224 ) (0 -1280 224 ) (0 -1280 0 ) 
4 85 104 (0 -1024 -64 ) (0 -1024 -256 ) (0 -1280 -256 ) (0 -1280 -64 ) 
4 85 86 (0 -1280 -256 ) (1024 -1280 -256 ) (1024 -1280 -64 ) (0 -1280 -64 ) 
4 86 105 (0 -1632 1696 ) (0 -1280 1696 ) (0 -1280 -256 ) (0 -1632 -256 ) 
4 87 101 (0 -1024 0 ) (0 -1024 1696 ) (-1024 -1024 1696 ) (-1024 -1024 0 ) 
4 87 94 (-1024 -448 0 ) (-1024 -1024 0 ) (-1024 -1024 224 ) (-1024 -448 224 ) 
4 87 90 (-1024 0 224 ) (-1024 0 0 ) (-1024 -448 0 ) (-1024 -448 224 ) 
4 87 89 (-1024 0 1696 ) (-1024 0 224 ) (-1024 -1024 224 ) (-1024 -1024 1696 ) 
4 88 104 (0 -1024 -256 ) (0 -1024 -64 ) (-1024 -1024 -64 ) (-1024 -1024 -256 ) 
4 88 99 (-1024 0 -64 ) (-1024 0 -256 ) (-1024 -1024 -256 ) (-1024 -1024 -64 ) 
4 89 109 (-1568 -1024 1696 ) (-1600 -1024 1696 ) (-1600 -1024 224 ) (-1568 -1024 224 ) 
4 89 111 (-1600 -1024 1696 ) (-1698.560059 -1024 1696 ) (-1698.560059 -1024 224 ) (-1600 -1024 224 ) 
4 89 106 (-1024 -1024 224 ) (-1024 -1024 1696 ) (-1568 -1024 1696 ) (-1568 -1024 224 ) 
4 89 98 (-1600 -1024 224 ) (-1698.560059 -1024 224 ) (-1698.560059 0 224 ) (-1600 0 224 ) 
4 89 97 (-1568 -1024 224 ) (-1600 -1024 224 ) (-1600 0 224 ) (-1568 0 224 ) 
4 89 96 (-1312 -1024 224 ) (-1568 -1024 224 ) (-1568 -480 224 ) (-1312 -480 224 ) 
4 89 95 (-1568 -480 224 ) (-1568 -448 224 ) (-1312 -448 224 ) (-1312 -480 224 ) 
4 89 94 (-1024 -1024 224 ) (-1312 -1024 224 ) (-1312 -448 224 ) (-1024 -448 224 ) 
4 89 92 (-1312 -224 224 ) (-1312 -448 224 ) (-1344 -448 224 ) (-1344 -224 224 ) 
4 89 91 (-1344 0 224 ) (-1312 0 224 ) (-1312 -224 224 ) (-1344 -224 224 ) 
4 89 90 (-1312 0 224 ) (-1024 0 224 ) (-1024 -448 224 ) (-1312 -448 224 ) 
4 89 93 (-1568 -448 224 ) (-1568 0 224 ) (-1344 0 224 ) (-1344 -448 224 ) 
4 90 94 (-1312 -448 0 ) (-1024 -448 0 ) (-1024 -448 224 ) (-1312 -448 224 ) 
4 90 92 (-1312 -224 0 ) (-1312 -448 0 ) (-1312 -448 224 ) (-1312 -224 224 ) 
4 90 91 (-1312 0 0 ) (-1312 -224 0 ) (-1312 -224 224 ) (-1312 0 224 ) 
4 91 93 (-1344 0 0 ) (-1344 -224 0 ) (-1344 -224 224 ) (-1344 0 224 ) 
4 91 92 (-1344 -224 224 ) (-1344 -224 0 ) (-1312 -224 0 ) (-1312 -224 224 ) 
4 92 95 (-1344 -448 0 ) (-1312 -448 0 ) (-1312 -448 224 ) (-1344 -448 224 ) 
4 92 93 (-1344 -224 0 ) (-1344 -448 0 ) (-1344 -448 224 ) (-1344 -224 224 ) 
4 93 97 (-1568 0 0 ) (-1568 -448 0 ) (-1568 -448 224 ) (-1568 0 224 ) 
4 93 95 (-1568 -448 224 ) (-1568 -448 0 ) (-1344 -448 0 ) (-1344 -448 224 ) 
4 94 106 (-1024 -1024 0 ) (-1024 -1024 224 ) (-1312 -1024 224 ) (-1312 -1024 0 ) 
4 94 96 (-1312 -480 0 ) (-1312 -1024 0 ) (-1312 -1024 224 ) (-1312 -480 224 ) 
4 94 95 (-1312 -448 224 ) (-1312 -448 0 ) (-1312 -480 0 ) (-1312 -480 224 ) 
4 95 97 (-1568 -448 0 ) (-1568 -480 0 ) (-1568 -480 224 ) (-1568 -448 224 ) 
4 95 96 (-1568 -480 224 ) (-1568 -480 0 ) (-1312 -480 0 ) (-1312 -480 224 ) 
4 96 106 (-1312 -1024 224 ) (-1568 -1024 224 ) (-1568 -1024 0 ) (-1312 -1024 0 ) 
4 96 97 (-1568 -480 0 ) (-1568 -1024 0 ) (-1568 -1024 224 ) (-1568 -480 224 ) 
4 97 110 (-1568 -1024 224 ) (-1600 -1024 224 ) (-1600 -1024 0 ) (-1568 -1024 0 ) 
4 97 98 (-1600 0 0 ) (-1600 -1024 0 ) (-1600 -1024 224 ) (-1600 0 224 ) 
4 98 111 (-1600 -1024 224 ) (-1698.560059 -1024 224 ) (-1698.560059 -1024 0 ) (-1600 -1024 0 ) 
4 98 100 (-1698.560059 0 0 ) (-1600 0 0 ) (-1600 -1024 0 ) (-1698.560059 -1024 0 ) 
4 99 112 (-1024 -1024 -256 ) (-1024 -1024 -64 ) (-1600 -1024 -64 ) (-1600 -1024 -256 ) 
4 99 100 (-1600 0 -256 ) (-1600 -1024 -256 ) (-1600 -1024 -64 ) (-1600 0 -64 ) 
4 100 113 (-1600 -1024 0 ) (-1698.560059 -1024 0 ) (-1698.560059 -1024 -256 ) (-1600 -1024 -256 ) 
4 101 106 (-1024 -1024 1696 ) (-1024 -1024 0 ) (-1024 -1248 0 ) (-1024 -1248 1696 ) 
4 101 103 (-1024 -1248 0 ) (0 -1248 0 ) (0 -1248 224 ) (-1024 -1248 224 ) 
4 101 102 (0 -1248 224 ) (0 -1248 1696 ) (-1024 -1248 1696 ) (-1024 -1248 224 ) 
4 102 107 (-1024 -1280 224 ) (-1024 -1280 1696 ) (-1024 -1248 1696 ) (-1024 -1248 224 ) 
4 102 105 (0 -1280 224 ) (0 -1280 1696 ) (-1024 -1280 1696 ) (-1024 -1280 224 ) 
4 102 103 (0 -1280 224 ) (-1024 -1280 224 ) (-1024 -1248 224 ) (0 -1248 224 ) 
4 103 108 (-1024 -1248 0 ) (-1024 -1280 0 ) (-1024 -1280 224 ) (-1024 -1248 224 ) 
4 103 105 (0 -1280 0 ) (0 -1280 224 ) (-1024 -1280 224 ) (-1024 -1280 0 ) 
4 104 112 (-1024 -1024 -64 ) (-1024 -1024 -256 ) (-1024 -1280 -256 ) (-1024 -1280 -64 ) 
4 104 105 (-1024 -1280 -256 ) (0 -1280 -256 ) (0 -1280 -64 ) (-1024 -1280 -64 ) 
4 105 114 (-1024 -1280 -256 ) (-1024 -1632 -256 ) (-1024 -1632 1696 ) (-1024 -1280 1696 ) 
4 106 110 (-1568 -1024 0 ) (-1568 -1248 0 ) (-1568 -1248 224 ) (-1568 -1024 224 ) 
4 106 109 (-1568 -1248 224 ) (-1568 -1248 1696 ) (-1568 -1024 1696 ) (-1568 -1024 224 ) 
4 106 108 (-1568 -1248 224 ) (-1568 -1248 0 ) (-1024 -1248 0 ) (-1024 -1248 224 ) 
4 106 107 (-1568 -1248 1696 ) (-1568 -1248 224 ) (-1024 -1248 224 ) (-1024 -1248 1696 ) 
4 107 114 (-1024 -1280 224 ) (-1024 -1280 1696 ) (-1568 -1280 1696 ) (-1568 -1280 224 ) 
4 107 109 (-1568 -1280 224 ) (-1568 -1280 1696 ) (-1568 -1248 1696 ) (-1568 -1248 224 ) 
4 107 108 (-1024 -1280 224 ) (-1568 -1280 224 ) (-1568 -1248 224 ) (-1024 -1248 224 ) 
4 108 114 (-1024 -1280 0 ) (-1024 -1280 224 ) (-1568 -1280 224 ) (-1568 -1280 0 ) 
4 108 110 (-1568 -1248 0 ) (-1568 -1280 0 ) (-1568 -1280 224 ) (-1568 -1248 224 ) 
4 109 114 (-1568 -1280 1696 ) (-1600 -1280 1696 ) (-1600 -1280 224 ) (-1568 -1280 224 ) 
4 109 111 (-1600 -1280 224 ) (-1600 -1280 1696 ) (-1600 -1024 1696 ) (-1600 -1024 224 ) 
4 109 110 (-1600 -1280 224 ) (-1600 -1024 224 ) (-1568 -1024 224 ) (-1568 -1280 224 ) 
4 110 114 (-1600 -1280 224 ) (-1600 -1280 0 ) (-1568 -1280 0 ) (-1568 -1280 224 ) 
4 110 111 (-1600 -1024 0 ) (-1600 -1280 0 ) (-1600 -1280 224 ) (-1600 -1024 224 ) 
4 111 114 (-1600 -1280 1696 ) (-1698.560059 -1280 1696 ) (-1698.560059 -1280 0 ) (-1600 -1280 0 ) 
4 111 113 (-1600 -1280 0 ) (-1698.560059 -1280 0 ) (-1698.560059 -1024 0 ) (-1600 -1024 0 ) 
4 112 114 (-1600 -1280 -256 ) (-1024 -1280 -256 ) (-1024 -1280 -64 ) (-1600 -1280 -64 ) 
4 112 113 (-1600 -1024 -256 ) (-1600 -1280 -256 ) (-1600 -1280 -64 ) (-1600 -1024 -64 ) 
4 113 114 (-1698.560059 -1280 -256 ) (-1600 -1280 -256 ) (-1600 -1280 0 ) (-1698.560059 -1280 0 ) 
