PRT1
53
109
4 0 25 (1152 0 128 ) (1152 0 1024 ) (1024 0 1024 ) (1024 0 128 ) 
4 0 3 (1024 0 128 ) (1024 0 1024 ) (1024 1024 1024 ) (1024 1024 128 ) 
4 0 2 (1088 320 128 ) (1024 320 128 ) (1024 768 128 ) (1088 768 128 ) 
4 0 1 (1024 1024 128 ) (1152 1024 128 ) (1152 832 128 ) (1024 832 128 ) 
4 1 4 (1024 832 128 ) (1024 1024 128 ) (1024 1024 0 ) (1024 832 0 ) 
4 2 8 (1024 320 128 ) (1024 448 128 ) (1024 448 0 ) (1024 320 0 ) 
4 2 6 (1024 704 128 ) (1024 768 128 ) (1024 768 0 ) (1024 704 0 ) 
4 2 7 (1024 448 128 ) (1024 704 128 ) (1024 704 0 ) (1024 448 0 ) 
4 3 29 (1024 0 128 ) (1024 0 1024 ) (0 0 1024 ) (0 0 128 ) 
4 3 12 (0 0 128 ) (0 0 1024 ) (0 1024 1024 ) (0 1024 128 ) 
3 3 10 (576 320 128 ) (736 320 128 ) (704 256 128 ) 
5 3 9 (960 0 128 ) (682.666687 0 128 ) (640 128 128 ) (736 320 128 ) (960 320 128 ) 
4 3 11 (448 0 128 ) (0 0 128 ) (0 320 128 ) (448 320 128 ) 
4 3 8 (512 448 128 ) (1024 448 128 ) (1024 320 128 ) (448 320 128 ) 
4 3 6 (512 768 128 ) (1024 768 128 ) (1024 704 128 ) (448 704 128 ) 
4 3 7 (0 448 128 ) (0 704 128 ) (1024 704 128 ) (1024 448 128 ) 
4 3 4 (448 1024 128 ) (1024 1024 128 ) (1024 832 128 ) (448 832 128 ) 
4 3 5 (0 768 128 ) (0 1024 128 ) (448 1024 128 ) (448 768 128 ) 
4 4 5 (448 1024 0 ) (448 832 0 ) (448 832 128 ) (448 1024 128 ) 
4 5 13 (0 768 128 ) (0 1024 128 ) (0 1024 0 ) (0 768 0 ) 
4 6 7 (448 704 0 ) (1024 704 0 ) (1024 704 128 ) (448 704 128 ) 
4 7 17 (0 448 128 ) (0 704 128 ) (0 704 0 ) (0 448 0 ) 
4 7 8 (512 448 0 ) (1024 448 0 ) (1024 448 128 ) (512 448 128 ) 
4 8 10 (576 320 0 ) (736 320 0 ) (736 320 128 ) (576 320 128 ) 
4 8 9 (736 320 0 ) (960 320 0 ) (960 320 128 ) (736 320 128 ) 
4 9 31 (704 0 128 ) (682.666687 0 128 ) (682.666687 0 0 ) (704 0 0 ) 
4 9 30 (960 0 128 ) (704 0 128 ) (704 0 0 ) (960 0 0 ) 
4 9 10 (736 320 128 ) (736 320 0 ) (704 256 0 ) (704 256 128 ) 
4 11 32 (448 0 128 ) (0 0 128 ) (0 0 0 ) (448 0 0 ) 
4 11 22 (0 0 0 ) (0 0 128 ) (0 256 128 ) (0 256 0 ) 
4 11 20 (0 256 128 ) (0 320 128 ) (0 320 0 ) (0 256 0 ) 
4 12 40 (0 0 128 ) (0 0 1024 ) (-1024 0 1024 ) (-1024 0 128 ) 
4 12 24 (-1024 0 128 ) (-1024 256 128 ) (-960 256 128 ) (-960 0 128 ) 
6 12 23 (-832 256 128 ) (-320 256 128 ) (-256 192 128 ) (-256 0 128 ) (-896 0 128 ) (-896 128 128 ) 
4 12 22 (-192 256 128 ) (0 256 128 ) (0 0 128 ) (-192 0 128 ) 
4 12 20 (-192 320 128 ) (0 320 128 ) (0 256 128 ) (-192 256 128 ) 
4 12 21 (-1024 256 128 ) (-1024 320 128 ) (-960 320 128 ) (-960 256 128 ) 
4 12 19 (-1024 320 128 ) (-1024 768 128 ) (-960 768 128 ) (-960 320 128 ) 
4 12 18 (-256 320 128 ) (-896 320 128 ) (-896 448 128 ) (-128 448 128 ) 
4 12 16 (-896 768 128 ) (-256 768 128 ) (-192 704 128 ) (-896 704 128 ) 
4 12 17 (0 704 128 ) (0 448 128 ) (-896 448 128 ) (-896 704 128 ) 
4 12 14 (-960 1024 128 ) (-192 1024 128 ) (-192 832 128 ) (-960 832 128 ) 
4 12 13 (-192 1024 128 ) (0 1024 128 ) (0 768 128 ) (-192 768 128 ) 
4 12 15 (-1024 768 128 ) (-1024 1024 128 ) (-960 1024 128 ) (-960 768 128 ) 
4 13 14 (-192 1024 0 ) (-192 832 0 ) (-192 832 128 ) (-192 1024 128 ) 
4 14 15 (-960 1024 0 ) (-960 832 0 ) (-960 832 128 ) (-960 1024 128 ) 
4 15 19 (-1024 768 0 ) (-960 768 0 ) (-960 768 128 ) (-1024 768 128 ) 
4 16 17 (-896 704 128 ) (-896 704 0 ) (-192 704 0 ) (-192 704 128 ) 
4 17 18 (-896 448 128 ) (-896 448 0 ) (-128 448 0 ) (-128 448 128 ) 
4 19 21 (-1024 320 0 ) (-960 320 0 ) (-960 320 128 ) (-1024 320 128 ) 
4 20 22 (-192 256 0 ) (0 256 0 ) (0 256 128 ) (-192 256 128 ) 
4 21 24 (-1024 256 0 ) (-960 256 0 ) (-960 256 128 ) (-1024 256 128 ) 
4 22 41 (0 0 0 ) (0 0 128 ) (-192 0 128 ) (-192 0 0 ) 
4 23 46 (-256 0 128 ) (-896 0 128 ) (-896 0 0 ) (-256 0 0 ) 
4 24 47 (-960 0 128 ) (-1024 0 128 ) (-1024 0 0 ) (-960 0 0 ) 
4 25 29 (1024 -1024 128 ) (1024 -1024 1024 ) (1024 0 1024 ) (1024 0 128 ) 
4 25 28 (1024 -1024 128 ) (1024 -576 128 ) (1088 -576 128 ) (1088 -1024 128 ) 
4 25 27 (1024 -448 128 ) (1024 -192 128 ) (1088 -192 128 ) (1088 -448 128 ) 
4 25 26 (1152 -576 128 ) (1152 -1024 128 ) (1088 -1024 128 ) (1088 -576 128 ) 
4 26 28 (1088 -576 0 ) (1088 -1024 0 ) (1088 -1024 128 ) (1088 -576 128 ) 
4 27 37 (1024 -448 128 ) (1024 -320 128 ) (1024 -320 0 ) (1024 -448 0 ) 
4 27 33 (1024 -320 128 ) (1024 -192 128 ) (1024 -192 0 ) (1024 -320 0 ) 
4 28 39 (1024 -1024 0 ) (1024 -1024 128 ) (1024 -576 128 ) (1024 -576 0 ) 
4 29 40 (0 0 1024 ) (0 0 128 ) (0 -1024 128 ) (0 -1024 1024 ) 
4 29 39 (1024 -1024 128 ) (0 -1024 128 ) (0 -576 128 ) (1024 -576 128 ) 
4 29 38 (0 -512 128 ) (0 -448 128 ) (384 -448 128 ) (256 -512 128 ) 
4 29 37 (0 -448 128 ) (0 -320 128 ) (1024 -320 128 ) (1024 -448 128 ) 
4 29 36 (64 -256 128 ) (256 -256 128 ) (256 -320 128 ) (64 -320 128 ) 
4 29 35 (0 -256 128 ) (0 -192 128 ) (448 -192 128 ) (448 -256 128 ) 
3 29 34 (512 -256 128 ) (512 -320 128 ) (448 -320 128 ) 
4 29 33 (512 -192 128 ) (1024 -192 128 ) (1024 -320 128 ) (512 -320 128 ) 
3 29 31 (682.666626 0 128 ) (704 0 128 ) (704 -64 128 ) 
4 29 30 (704 0 128 ) (960 0 128 ) (960 -192 128 ) (704 -192 128 ) 
4 29 32 (0 -192 128 ) (0 0 128 ) (448 0 128 ) (448 -192 128 ) 
4 30 33 (704 -192 0 ) (960 -192 0 ) (960 -192 128 ) (704 -192 128 ) 
4 30 31 (704 0 0 ) (704 -64 0 ) (704 -64 128 ) (704 0 128 ) 
4 32 41 (0 0 128 ) (0 0 0 ) (0 -192 0 ) (0 -192 128 ) 
4 32 35 (0 -192 0 ) (448 -192 0 ) (448 -192 128 ) (0 -192 128 ) 
4 33 37 (512 -320 0 ) (1024 -320 0 ) (1024 -320 128 ) (512 -320 128 ) 
4 33 34 (512 -256 0 ) (512 -320 0 ) (512 -320 128 ) (512 -256 128 ) 
4 34 37 (448 -320 0 ) (512 -320 0 ) (512 -320 128 ) (448 -320 128 ) 
4 35 41 (0 -192 0 ) (0 -256 0 ) (0 -256 128 ) (0 -192 128 ) 
4 35 36 (64 -256 0 ) (256 -256 0 ) (256 -256 128 ) (64 -256 128 ) 
4 36 37 (64 -320 0 ) (256 -320 0 ) (256 -320 128 ) (64 -320 128 ) 
4 37 42 (0 -320 0 ) (0 -448 0 ) (0 -448 128 ) (0 -320 128 ) 
4 37 38 (0 -448 0 ) (384 -448 0 ) (384 -448 128 ) (0 -448 128 ) 
4 38 42 (0 -448 0 ) (0 -512 0 ) (0 -512 128 ) (0 -448 128 ) 
4 39 43 (0 -576 0 ) (0 -1024 0 ) (0 -1024 128 ) (0 -576 128 ) 
4 40 51 (-256 -640 128 ) (-256 -1024 128 ) (-960 -1024 128 ) (-960 -640 128 ) 
4 40 52 (-1024 -1024 128 ) (-1024 -576 128 ) (-960 -576 128 ) (-960 -1024 128 ) 
4 40 50 (-1024 -576 128 ) (-1024 -128 128 ) (-960 -128 128 ) (-960 -576 128 ) 
5 40 49 (-256 -320 128 ) (-256 -576 128 ) (-896 -576 128 ) (-896 -192 128 ) (-320 -192 128 ) 
4 40 48 (-704 -128 128 ) (-512 -128 128 ) (-512 -192 128 ) (-704 -192 128 ) 
4 40 47 (-1024 -128 128 ) (-1024 0 128 ) (-960 0 128 ) (-960 -128 128 ) 
5 40 46 (-896 0 128 ) (-256 0 128 ) (-256 -64 128 ) (-320 -128 128 ) (-832 -128 128 ) 
4 40 45 (-192 -640 128 ) (-192 -1024 128 ) (-256 -1024 128 ) (-256 -640 128 ) 
4 40 44 (-192 -320 128 ) (-192 -512 128 ) (-256 -512 128 ) (-256 -320 128 ) 
4 40 43 (0 -576 128 ) (0 -1024 128 ) (-192 -1024 128 ) (-192 -576 128 ) 
4 40 42 (0 -320 128 ) (0 -512 128 ) (-192 -512 128 ) (-192 -320 128 ) 
5 40 41 (-192 0 128 ) (0 0 128 ) (0 -256 128 ) (-128 -256 128 ) (-192 -192 128 ) 
4 42 44 (-192 -320 0 ) (-192 -512 0 ) (-192 -512 128 ) (-192 -320 128 ) 
4 43 45 (-192 -640 0 ) (-192 -1024 0 ) (-192 -1024 128 ) (-192 -640 128 ) 
4 44 49 (-256 -320 0 ) (-256 -512 0 ) (-256 -512 128 ) (-256 -320 128 ) 
4 45 51 (-256 -640 0 ) (-256 -1024 0 ) (-256 -1024 128 ) (-256 -640 128 ) 
4 46 48 (-704 -128 0 ) (-512 -128 0 ) (-512 -128 128 ) (-704 -128 128 ) 
4 47 50 (-1024 -128 0 ) (-960 -128 0 ) (-960 -128 128 ) (-1024 -128 128 ) 
4 48 49 (-704 -192 0 ) (-512 -192 0 ) (-512 -192 128 ) (-704 -192 128 ) 
4 50 52 (-1024 -576 0 ) (-960 -576 0 ) (-960 -576 128 ) (-1024 -576 128 ) 
4 51 52 (-960 -640 0 ) (-960 -1024 0 ) (-960 -1024 128 ) (-960 -640 128 ) 
